<?xml version="1.0" encoding="UTF-8"?>
<!-- Generated by org.testng.reporters.JUnitReportReporter -->
<testsuite hostname="LIN-H8PT2F3" failures="0" tests="1" name="TestCases.NewTest" time="9.123" errors="0" timestamp="11 Mar 2024 11:11:33 GMT">
  <testcase classname="TestCases.NewTest" name="Program" time="9.123"/>
</testsuite> <!-- TestCases.NewTest -->
